<?xml version="1.0" encoding="UTF-8"?>
<!-- Generated by org.testng.reporters.JUnitReportReporter -->
<testsuite hostname="LAPTOP-DGJ7AJ6A" failures="0" tests="1" name="ghiblisMovie.RegistrationTest" time="21.485" errors="0" timestamp="23 Mar 2023 12:24:26 GMT">
  <testcase classname="ghiblisMovie.RegistrationTest" name="testRegistration" time="21.485"/>
</testsuite> <!-- ghiblisMovie.RegistrationTest -->
