<?xml version="1.0" encoding="UTF-8"?>
<!-- Generated by org.testng.reporters.JUnitReportReporter -->
<testsuite hostname="LAPTOP-DGJ7AJ6A" failures="0" tests="1" name="ghiblisMovie.RegistrationTest" time="16.446" errors="0" timestamp="19 Mar 2023 22:15:24 GMT">
  <testcase classname="ghiblisMovie.RegistrationTest" name="testRegistration" time="16.446"/>
</testsuite> <!-- ghiblisMovie.RegistrationTest -->
