<?xml version="1.0" encoding="UTF-8"?>
<!-- Generated by org.testng.reporters.JUnitReportReporter -->
<testsuite hostname="LAPTOP-DGJ7AJ6A" failures="0" tests="1" name="ghiblisMovie.RegistrationTest" time="10.159" errors="0" timestamp="22 Mar 2023 14:21:48 GMT">
  <testcase classname="ghiblisMovie.RegistrationTest" name="testRegistration" time="10.159"/>
</testsuite> <!-- ghiblisMovie.RegistrationTest -->
