<?xml version="1.0" encoding="UTF-8"?>
<!-- Generated by org.testng.reporters.JUnitReportReporter -->
<testsuite hostname="LAPTOP-DGJ7AJ6A" failures="0" tests="1" name="ghiblisMovie.LoginTest" time="11.523" errors="0" timestamp="19 Mar 2023 00:15:00 GMT">
  <testcase classname="ghiblisMovie.LoginTest" name="testRegistration" time="11.523"/>
</testsuite> <!-- ghiblisMovie.LoginTest -->
