<?xml version="1.0" encoding="UTF-8"?>
<!-- Generated by org.testng.reporters.JUnitReportReporter -->
<testsuite hostname="LAPTOP-DGJ7AJ6A" failures="0" tests="1" name="ghiblisMovie.RegistrationTest" time="13.120" errors="0" timestamp="19 Mar 2023 00:15:00 GMT">
  <testcase classname="ghiblisMovie.RegistrationTest" name="testRegistration" time="13.120"/>
</testsuite> <!-- ghiblisMovie.RegistrationTest -->
