<?xml version="1.0" encoding="UTF-8"?>
<!-- Generated by org.testng.reporters.JUnitReportReporter -->
<testsuite hostname="LAPTOP-DGJ7AJ6A" failures="0" tests="1" name="ghiblisMovie.LoginTest" time="5.852" errors="0" timestamp="22 Mar 2023 14:21:48 GMT">
  <testcase classname="ghiblisMovie.LoginTest" name="testRegistration" time="5.852"/>
</testsuite> <!-- ghiblisMovie.LoginTest -->
