<?xml version="1.0" encoding="UTF-8"?>
<!-- Generated by org.testng.reporters.JUnitReportReporter -->
<testsuite hostname="LAPTOP-DGJ7AJ6A" failures="0" tests="1" name="ghiblisMovie.AdminTest" time="18.291" errors="0" timestamp="22 Mar 2023 22:35:26 GMT">
  <testcase classname="ghiblisMovie.AdminTest" name="testRegistration" time="18.291"/>
</testsuite> <!-- ghiblisMovie.AdminTest -->
