<?xml version="1.0" encoding="UTF-8"?>
<!-- Generated by org.testng.reporters.JUnitReportReporter -->
<testsuite hostname="LAPTOP-DGJ7AJ6A" failures="0" tests="1" name="ghiblisMovie.LoginTest" time="6.534" errors="0" timestamp="22 Mar 2023 22:35:26 GMT">
  <testcase classname="ghiblisMovie.LoginTest" name="testRegistration" time="6.534"/>
</testsuite> <!-- ghiblisMovie.LoginTest -->
