<?xml version="1.0" encoding="UTF-8"?>
<!-- Generated by org.testng.reporters.JUnitReportReporter -->
<testsuite hostname="LAPTOP-DGJ7AJ6A" failures="0" tests="1" name="ghiblisMovie.LoginTest" time="7.493" errors="0" timestamp="18 Mar 2023 23:30:59 GMT">
  <testcase classname="ghiblisMovie.LoginTest" name="testRegistration" time="7.493"/>
</testsuite> <!-- ghiblisMovie.LoginTest -->
