<?xml version="1.0" encoding="UTF-8"?>
<!-- Generated by org.testng.reporters.JUnitReportReporter -->
<testsuite hostname="LAPTOP-DGJ7AJ6A" failures="0" tests="1" name="ghiblisMovie.LoginTest" time="9.027" errors="0" timestamp="28 Jan 2023 22:27:01 GMT">
  <testcase classname="ghiblisMovie.LoginTest" name="testRegistration" time="9.027"/>
</testsuite> <!-- ghiblisMovie.LoginTest -->
